<?xml version="1.0" encoding="UTF-8"?>
<!-- Generated by org.testng.reporters.JUnitReportReporter -->
<testsuite hostname="DESKTOP-ADSAJKA" failures="0" tests="9" name="test.LibraryManagementSystemTest" time="0.025" errors="0" timestamp="2024-12-11T00:33:50 PKT" skipped="0">
  <testcase classname="test.LibraryManagementSystemTest" name="testAddNewBook" time="0.009"/>
  <system-out/>
  <testcase classname="test.LibraryManagementSystemTest" name="testAddNewBook" time="0.001"/>
  <system-out/>
  <testcase classname="test.LibraryManagementSystemTest" name="testAddNewBook" time="0.001"/>
  <system-out/>
  <testcase classname="test.LibraryManagementSystemTest" name="testAddNewMember" time="0.000"/>
  <system-out/>
  <testcase classname="test.LibraryManagementSystemTest" name="testAddNewMember" time="0.005"/>
  <system-out/>
  <testcase classname="test.LibraryManagementSystemTest" name="testAddNewMember" time="0.001"/>
  <system-out/>
  <testcase classname="test.LibraryManagementSystemTest" name="testCheckBookAvailability" time="0.006"/>
  <system-out/>
  <testcase classname="test.LibraryManagementSystemTest" name="testCheckBookAvailability" time="0.001"/>
  <system-out/>
  <testcase classname="test.LibraryManagementSystemTest" name="testCheckBookAvailability" time="0.001"/>
  <system-out/>
</testsuite> <!-- test.LibraryManagementSystemTest -->
