<?xml version="1.0" encoding="UTF-8"?>
<!-- Generated by org.testng.reporters.JUnitReportReporter -->
<testsuite hostname="DESKTOP-ADSAJKA" failures="0" tests="15" name="test.BookTest" time="0.033" errors="0" timestamp="2024-12-11T00:33:50 PKT" skipped="0">
  <testcase classname="test.BookTest" name="testGetBookId" time="0.001"/>
  <system-out/>
  <testcase classname="test.BookTest" name="testGetBookId" time="0.001"/>
  <system-out/>
  <testcase classname="test.BookTest" name="testGetBookId" time="0.019"/>
  <system-out/>
  <testcase classname="test.BookTest" name="testGetTitle" time="0.001"/>
  <system-out/>
  <testcase classname="test.BookTest" name="testGetTitle" time="0.000"/>
  <system-out/>
  <testcase classname="test.BookTest" name="testGetTitle" time="0.001"/>
  <system-out/>
  <testcase classname="test.BookTest" name="testGetAuthor" time="0.001"/>
  <system-out/>
  <testcase classname="test.BookTest" name="testGetAuthor" time="0.001"/>
  <system-out/>
  <testcase classname="test.BookTest" name="testGetAuthor" time="0.000"/>
  <system-out/>
  <testcase classname="test.BookTest" name="testIsAvailable" time="0.001"/>
  <system-out/>
  <testcase classname="test.BookTest" name="testIsAvailable" time="0.004"/>
  <system-out/>
  <testcase classname="test.BookTest" name="testIsAvailable" time="0.000"/>
  <system-out/>
  <testcase classname="test.BookTest" name="testSetAvailable" time="0.002"/>
  <system-out/>
  <testcase classname="test.BookTest" name="testSetAvailable" time="0.001"/>
  <system-out/>
  <testcase classname="test.BookTest" name="testSetAvailable" time="0.000"/>
  <system-out/>
</testsuite> <!-- test.BookTest -->
