<?xml version="1.0" encoding="UTF-8"?>
<!-- Generated by org.testng.reporters.JUnitReportReporter -->
<testsuite hostname="DESKTOP-ADSAJKA" failures="0" tests="15" name="test.MemberTest" time="0.018" errors="0" timestamp="2024-12-11T00:33:50 PKT" skipped="0">
  <testcase classname="test.MemberTest" name="testBorrowBook" time="0.001"/>
  <system-out/>
  <testcase classname="test.MemberTest" name="testBorrowBook" time="0.006"/>
  <system-out/>
  <testcase classname="test.MemberTest" name="testBorrowBook" time="0.000"/>
  <system-out/>
  <testcase classname="test.MemberTest" name="testReturnBook" time="0.001"/>
  <system-out/>
  <testcase classname="test.MemberTest" name="testReturnBook" time="0.001"/>
  <system-out/>
  <testcase classname="test.MemberTest" name="testReturnBook" time="0.000"/>
  <system-out/>
  <testcase classname="test.MemberTest" name="testGetMemberId" time="0.001"/>
  <system-out/>
  <testcase classname="test.MemberTest" name="testGetMemberId" time="0.001"/>
  <system-out/>
  <testcase classname="test.MemberTest" name="testGetMemberId" time="0.004"/>
  <system-out/>
  <testcase classname="test.MemberTest" name="testGetName" time="0.000"/>
  <system-out/>
  <testcase classname="test.MemberTest" name="testGetName" time="0.000"/>
  <system-out/>
  <testcase classname="test.MemberTest" name="testGetName" time="0.000"/>
  <system-out/>
  <testcase classname="test.MemberTest" name="testGetDetails" time="0.001"/>
  <system-out/>
  <testcase classname="test.MemberTest" name="testGetDetails" time="0.001"/>
  <system-out/>
  <testcase classname="test.MemberTest" name="testGetDetails" time="0.001"/>
  <system-out/>
</testsuite> <!-- test.MemberTest -->
