<?xml version="1.0" encoding="UTF-8"?>
<!-- Generated by org.testng.reporters.JUnitReportReporter -->
<testsuite hostname="DESKTOP-ADSAJKA" failures="0" tests="14" name="test.LibraryTest" time="0.013" errors="0" timestamp="2024-12-11T00:33:50 PKT" skipped="0">
  <testcase classname="test.LibraryTest" name="testAddBook" time="0.000"/>
  <system-out/>
  <testcase classname="test.LibraryTest" name="testAddBook" time="0.002"/>
  <system-out/>
  <testcase classname="test.LibraryTest" name="testAddBook" time="0.000"/>
  <system-out/>
  <testcase classname="test.LibraryTest" name="testAddMember" time="0.001"/>
  <system-out/>
  <testcase classname="test.LibraryTest" name="testAddMember" time="0.001"/>
  <system-out/>
  <testcase classname="test.LibraryTest" name="testAddMember" time="0.001"/>
  <system-out/>
  <testcase classname="test.LibraryTest" name="testListBooks" time="0.001"/>
  <system-out/>
  <testcase classname="test.LibraryTest" name="testListBooks" time="0.001"/>
  <system-out/>
  <testcase classname="test.LibraryTest" name="testListMembers" time="0.001"/>
  <system-out/>
  <testcase classname="test.LibraryTest" name="testListMembers" time="0.000"/>
  <system-out/>
  <testcase classname="test.LibraryTest" name="testIsBookAvailable" time="0.001"/>
  <system-out/>
  <testcase classname="test.LibraryTest" name="testIsBookAvailable" time="0.003"/>
  <system-out/>
  <testcase classname="test.LibraryTest" name="testIsBookAvailable" time="0.001"/>
  <system-out/>
  <testcase classname="test.LibraryTest" name="testIsBookAvailable" time="0.000"/>
  <system-out/>
</testsuite> <!-- test.LibraryTest -->
