<?xml version="1.0" encoding="UTF-8"?>
<testsuite xmlns:xsi="http://www.w3.org/2001/XMLSchema-instance" xsi:noNamespaceSchemaLocation="https://maven.apache.org/surefire/maven-surefire-plugin/xsd/surefire-test-report-3.0.xsd" version="3.0" name="TestSuite" time="2.657" tests="53" errors="0" skipped="0" failures="0">
  <properties>
    <property name="java.specification.version" value="22"/>
    <property name="sun.cpu.isalist" value="amd64"/>
    <property name="sun.jnu.encoding" value="Cp1252"/>
    <property name="java.class.path" value="E:\SQE Project\SQEProject\target\test-classes;E:\SQE Project\SQEProject\target\classes;C:\Users\waseem\.m2\repository\io\cucumber\cucumber-junit\7.20.1\cucumber-junit-7.20.1.jar;C:\Users\waseem\.m2\repository\org\apiguardian\apiguardian-api\1.1.2\apiguardian-api-1.1.2.jar;C:\Users\waseem\.m2\repository\io\cucumber\cucumber-core\7.20.1\cucumber-core-7.20.1.jar;C:\Users\waseem\.m2\repository\io\cucumber\cucumber-gherkin\7.20.1\cucumber-gherkin-7.20.1.jar;C:\Users\waseem\.m2\repository\io\cucumber\cucumber-gherkin-messages\7.20.1\cucumber-gherkin-messages-7.20.1.jar;C:\Users\waseem\.m2\repository\io\cucumber\gherkin\28.0.0\gherkin-28.0.0.jar;C:\Users\waseem\.m2\repository\io\cucumber\messages\24.1.0\messages-24.1.0.jar;C:\Users\waseem\.m2\repository\io\cucumber\testng-xml-formatter\0.2.0\testng-xml-formatter-0.2.0.jar;C:\Users\waseem\.m2\repository\io\cucumber\query\12.2.0\query-12.2.0.jar;C:\Users\waseem\.m2\repository\io\cucumber\tag-expressions\6.1.0\tag-expressions-6.1.0.jar;C:\Users\waseem\.m2\repository\io\cucumber\cucumber-expressions\17.1.0\cucumber-expressions-17.1.0.jar;C:\Users\waseem\.m2\repository\io\cucumber\datatable\7.20.1\datatable-7.20.1.jar;C:\Users\waseem\.m2\repository\io\cucumber\cucumber-plugin\7.20.1\cucumber-plugin-7.20.1.jar;C:\Users\waseem\.m2\repository\io\cucumber\docstring\7.20.1\docstring-7.20.1.jar;C:\Users\waseem\.m2\repository\io\cucumber\html-formatter\21.7.0\html-formatter-21.7.0.jar;C:\Users\waseem\.m2\repository\io\cucumber\junit-xml-formatter\0.5.0\junit-xml-formatter-0.5.0.jar;C:\Users\waseem\.m2\repository\io\cucumber\ci-environment\10.0.1\ci-environment-10.0.1.jar;C:\Users\waseem\.m2\repository\junit\junit\4.13.2\junit-4.13.2.jar;C:\Users\waseem\.m2\repository\org\hamcrest\hamcrest-core\1.3\hamcrest-core-1.3.jar;C:\Users\waseem\.m2\repository\io\cucumber\cucumber-java\7.20.1\cucumber-java-7.20.1.jar;C:\Users\waseem\.m2\repository\io\qameta\allure\allure-java-commons\2.15.0\allure-java-commons-2.15.0.jar;C:\Users\waseem\.m2\repository\io\qameta\allure\allure-model\2.15.0\allure-model-2.15.0.jar;C:\Users\waseem\.m2\repository\org\seleniumhq\selenium\selenium-java\4.25.0\selenium-java-4.25.0.jar;C:\Users\waseem\.m2\repository\org\seleniumhq\selenium\selenium-api\4.25.0\selenium-api-4.25.0.jar;C:\Users\waseem\.m2\repository\org\jspecify\jspecify\1.0.0\jspecify-1.0.0.jar;C:\Users\waseem\.m2\repository\org\seleniumhq\selenium\selenium-chrome-driver\4.25.0\selenium-chrome-driver-4.25.0.jar;C:\Users\waseem\.m2\repository\com\google\auto\service\auto-service-annotations\1.1.1\auto-service-annotations-1.1.1.jar;C:\Users\waseem\.m2\repository\org\seleniumhq\selenium\selenium-chromium-driver\4.25.0\selenium-chromium-driver-4.25.0.jar;C:\Users\waseem\.m2\repository\org\seleniumhq\selenium\selenium-json\4.25.0\selenium-json-4.25.0.jar;C:\Users\waseem\.m2\repository\org\seleniumhq\selenium\selenium-manager\4.25.0\selenium-manager-4.25.0.jar;C:\Users\waseem\.m2\repository\org\seleniumhq\selenium\selenium-devtools-v127\4.25.0\selenium-devtools-v127-4.25.0.jar;C:\Users\waseem\.m2\repository\org\seleniumhq\selenium\selenium-devtools-v128\4.25.0\selenium-devtools-v128-4.25.0.jar;C:\Users\waseem\.m2\repository\org\seleniumhq\selenium\selenium-devtools-v129\4.25.0\selenium-devtools-v129-4.25.0.jar;C:\Users\waseem\.m2\repository\org\seleniumhq\selenium\selenium-devtools-v85\4.25.0\selenium-devtools-v85-4.25.0.jar;C:\Users\waseem\.m2\repository\org\seleniumhq\selenium\selenium-edge-driver\4.25.0\selenium-edge-driver-4.25.0.jar;C:\Users\waseem\.m2\repository\org\seleniumhq\selenium\selenium-firefox-driver\4.25.0\selenium-firefox-driver-4.25.0.jar;C:\Users\waseem\.m2\repository\org\seleniumhq\selenium\selenium-http\4.25.0\selenium-http-4.25.0.jar;C:\Users\waseem\.m2\repository\dev\failsafe\failsafe\3.3.2\failsafe-3.3.2.jar;C:\Users\waseem\.m2\repository\org\seleniumhq\selenium\selenium-ie-driver\4.25.0\selenium-ie-driver-4.25.0.jar;C:\Users\waseem\.m2\repository\org\seleniumhq\selenium\selenium-remote-driver\4.25.0\selenium-remote-driver-4.25.0.jar;C:\Users\waseem\.m2\repository\com\google\guava\guava\33.3.0-jre\guava-33.3.0-jre.jar;C:\Users\waseem\.m2\repository\com\google\guava\failureaccess\1.0.2\failureaccess-1.0.2.jar;C:\Users\waseem\.m2\repository\com\google\guava\listenablefuture\9999.0-empty-to-avoid-conflict-with-guava\listenablefuture-9999.0-empty-to-avoid-conflict-with-guava.jar;C:\Users\waseem\.m2\repository\com\google\code\findbugs\jsr305\3.0.2\jsr305-3.0.2.jar;C:\Users\waseem\.m2\repository\org\checkerframework\checker-qual\3.43.0\checker-qual-3.43.0.jar;C:\Users\waseem\.m2\repository\com\google\errorprone\error_prone_annotations\2.28.0\error_prone_annotations-2.28.0.jar;C:\Users\waseem\.m2\repository\com\google\j2objc\j2objc-annotations\3.0.0\j2objc-annotations-3.0.0.jar;C:\Users\waseem\.m2\repository\io\opentelemetry\semconv\opentelemetry-semconv\1.25.0-alpha\opentelemetry-semconv-1.25.0-alpha.jar;C:\Users\waseem\.m2\repository\io\opentelemetry\opentelemetry-api\1.42.1\opentelemetry-api-1.42.1.jar;C:\Users\waseem\.m2\repository\io\opentelemetry\opentelemetry-context\1.42.1\opentelemetry-context-1.42.1.jar;C:\Users\waseem\.m2\repository\io\opentelemetry\opentelemetry-exporter-logging\1.42.1\opentelemetry-exporter-logging-1.42.1.jar;C:\Users\waseem\.m2\repository\io\opentelemetry\opentelemetry-sdk-common\1.42.1\opentelemetry-sdk-common-1.42.1.jar;C:\Users\waseem\.m2\repository\io\opentelemetry\opentelemetry-sdk-extension-autoconfigure-spi\1.42.1\opentelemetry-sdk-extension-autoconfigure-spi-1.42.1.jar;C:\Users\waseem\.m2\repository\io\opentelemetry\opentelemetry-sdk-extension-autoconfigure\1.42.1\opentelemetry-sdk-extension-autoconfigure-1.42.1.jar;C:\Users\waseem\.m2\repository\io\opentelemetry\opentelemetry-api-incubator\1.42.1-alpha\opentelemetry-api-incubator-1.42.1-alpha.jar;C:\Users\waseem\.m2\repository\io\opentelemetry\opentelemetry-sdk-trace\1.42.1\opentelemetry-sdk-trace-1.42.1.jar;C:\Users\waseem\.m2\repository\io\opentelemetry\opentelemetry-sdk\1.42.1\opentelemetry-sdk-1.42.1.jar;C:\Users\waseem\.m2\repository\io\opentelemetry\opentelemetry-sdk-metrics\1.42.1\opentelemetry-sdk-metrics-1.42.1.jar;C:\Users\waseem\.m2\repository\io\opentelemetry\opentelemetry-sdk-logs\1.42.1\opentelemetry-sdk-logs-1.42.1.jar;C:\Users\waseem\.m2\repository\net\bytebuddy\byte-buddy\1.15.1\byte-buddy-1.15.1.jar;C:\Users\waseem\.m2\repository\org\seleniumhq\selenium\selenium-os\4.25.0\selenium-os-4.25.0.jar;C:\Users\waseem\.m2\repository\org\apache\commons\commons-exec\1.4.0\commons-exec-1.4.0.jar;C:\Users\waseem\.m2\repository\org\seleniumhq\selenium\selenium-safari-driver\4.25.0\selenium-safari-driver-4.25.0.jar;C:\Users\waseem\.m2\repository\org\seleniumhq\selenium\selenium-support\4.25.0\selenium-support-4.25.0.jar;C:\Users\waseem\.m2\repository\org\testng\testng\7.7.1\testng-7.7.1.jar;C:\Users\waseem\.m2\repository\com\beust\jcommander\1.82\jcommander-1.82.jar;C:\Users\waseem\.m2\repository\org\webjars\jquery\3.6.1\jquery-3.6.1.jar;C:\Users\waseem\.m2\repository\org\apache\poi\poi-ooxml\5.2.3\poi-ooxml-5.2.3.jar;C:\Users\waseem\.m2\repository\org\apache\poi\poi\5.2.3\poi-5.2.3.jar;C:\Users\waseem\.m2\repository\commons-codec\commons-codec\1.15\commons-codec-1.15.jar;C:\Users\waseem\.m2\repository\org\apache\commons\commons-math3\3.6.1\commons-math3-3.6.1.jar;C:\Users\waseem\.m2\repository\com\zaxxer\SparseBitSet\1.2\SparseBitSet-1.2.jar;C:\Users\waseem\.m2\repository\org\apache\poi\poi-ooxml-lite\5.2.3\poi-ooxml-lite-5.2.3.jar;C:\Users\waseem\.m2\repository\org\apache\xmlbeans\xmlbeans\5.1.1\xmlbeans-5.1.1.jar;C:\Users\waseem\.m2\repository\org\apache\commons\commons-compress\1.21\commons-compress-1.21.jar;C:\Users\waseem\.m2\repository\commons-io\commons-io\2.11.0\commons-io-2.11.0.jar;C:\Users\waseem\.m2\repository\com\github\virtuald\curvesapi\1.07\curvesapi-1.07.jar;C:\Users\waseem\.m2\repository\org\apache\commons\commons-collections4\4.4\commons-collections4-4.4.jar;C:\Users\waseem\.m2\repository\org\apache\poi\poi-ooxml-schemas\4.1.2\poi-ooxml-schemas-4.1.2.jar;C:\Users\waseem\.m2\repository\org\apache\logging\log4j\log4j-core\2.17.2\log4j-core-2.17.2.jar;C:\Users\waseem\.m2\repository\org\apache\logging\log4j\log4j-api\2.17.2\log4j-api-2.17.2.jar;C:\Users\waseem\.m2\repository\org\slf4j\slf4j-api\2.0.9\slf4j-api-2.0.9.jar;C:\Users\waseem\.m2\repository\org\apache\logging\log4j\log4j-slf4j-impl\2.17.2\log4j-slf4j-impl-2.17.2.jar;"/>
    <property name="java.vm.vendor" value="Eclipse Adoptium"/>
    <property name="sun.arch.data.model" value="64"/>
    <property name="user.variant" value=""/>
    <property name="java.vendor.url" value="https://adoptium.net/"/>
    <property name="user.timezone" value="Asia/Karachi"/>
    <property name="os.name" value="Windows 10"/>
    <property name="java.vm.specification.version" value="22"/>
    <property name="sun.java.launcher" value="SUN_STANDARD"/>
    <property name="user.country" value="US"/>
    <property name="sun.boot.library.path" value="C:\Users\waseem\.p2\pool\plugins\org.eclipse.justj.openjdk.hotspot.jre.full.win32.x86_64_22.0.2.v20240802-1626\jre\bin"/>
    <property name="sun.java.command" value="C:\Users\waseem\AppData\Local\Temp\surefire8410347403109965454\surefirebooter-20241211003346810_3.jar C:\Users\waseem\AppData\Local\Temp\surefire8410347403109965454 2024-12-11T00-33-43_302-jvmRun1 surefire-20241211003346810_1tmp surefire_0-20241211003346810_2tmp"/>
    <property name="jdk.debug" value="release"/>
    <property name="surefire.test.class.path" value="E:\SQE Project\SQEProject\target\test-classes;E:\SQE Project\SQEProject\target\classes;C:\Users\waseem\.m2\repository\io\cucumber\cucumber-junit\7.20.1\cucumber-junit-7.20.1.jar;C:\Users\waseem\.m2\repository\org\apiguardian\apiguardian-api\1.1.2\apiguardian-api-1.1.2.jar;C:\Users\waseem\.m2\repository\io\cucumber\cucumber-core\7.20.1\cucumber-core-7.20.1.jar;C:\Users\waseem\.m2\repository\io\cucumber\cucumber-gherkin\7.20.1\cucumber-gherkin-7.20.1.jar;C:\Users\waseem\.m2\repository\io\cucumber\cucumber-gherkin-messages\7.20.1\cucumber-gherkin-messages-7.20.1.jar;C:\Users\waseem\.m2\repository\io\cucumber\gherkin\28.0.0\gherkin-28.0.0.jar;C:\Users\waseem\.m2\repository\io\cucumber\messages\24.1.0\messages-24.1.0.jar;C:\Users\waseem\.m2\repository\io\cucumber\testng-xml-formatter\0.2.0\testng-xml-formatter-0.2.0.jar;C:\Users\waseem\.m2\repository\io\cucumber\query\12.2.0\query-12.2.0.jar;C:\Users\waseem\.m2\repository\io\cucumber\tag-expressions\6.1.0\tag-expressions-6.1.0.jar;C:\Users\waseem\.m2\repository\io\cucumber\cucumber-expressions\17.1.0\cucumber-expressions-17.1.0.jar;C:\Users\waseem\.m2\repository\io\cucumber\datatable\7.20.1\datatable-7.20.1.jar;C:\Users\waseem\.m2\repository\io\cucumber\cucumber-plugin\7.20.1\cucumber-plugin-7.20.1.jar;C:\Users\waseem\.m2\repository\io\cucumber\docstring\7.20.1\docstring-7.20.1.jar;C:\Users\waseem\.m2\repository\io\cucumber\html-formatter\21.7.0\html-formatter-21.7.0.jar;C:\Users\waseem\.m2\repository\io\cucumber\junit-xml-formatter\0.5.0\junit-xml-formatter-0.5.0.jar;C:\Users\waseem\.m2\repository\io\cucumber\ci-environment\10.0.1\ci-environment-10.0.1.jar;C:\Users\waseem\.m2\repository\junit\junit\4.13.2\junit-4.13.2.jar;C:\Users\waseem\.m2\repository\org\hamcrest\hamcrest-core\1.3\hamcrest-core-1.3.jar;C:\Users\waseem\.m2\repository\io\cucumber\cucumber-java\7.20.1\cucumber-java-7.20.1.jar;C:\Users\waseem\.m2\repository\io\qameta\allure\allure-java-commons\2.15.0\allure-java-commons-2.15.0.jar;C:\Users\waseem\.m2\repository\io\qameta\allure\allure-model\2.15.0\allure-model-2.15.0.jar;C:\Users\waseem\.m2\repository\org\seleniumhq\selenium\selenium-java\4.25.0\selenium-java-4.25.0.jar;C:\Users\waseem\.m2\repository\org\seleniumhq\selenium\selenium-api\4.25.0\selenium-api-4.25.0.jar;C:\Users\waseem\.m2\repository\org\jspecify\jspecify\1.0.0\jspecify-1.0.0.jar;C:\Users\waseem\.m2\repository\org\seleniumhq\selenium\selenium-chrome-driver\4.25.0\selenium-chrome-driver-4.25.0.jar;C:\Users\waseem\.m2\repository\com\google\auto\service\auto-service-annotations\1.1.1\auto-service-annotations-1.1.1.jar;C:\Users\waseem\.m2\repository\org\seleniumhq\selenium\selenium-chromium-driver\4.25.0\selenium-chromium-driver-4.25.0.jar;C:\Users\waseem\.m2\repository\org\seleniumhq\selenium\selenium-json\4.25.0\selenium-json-4.25.0.jar;C:\Users\waseem\.m2\repository\org\seleniumhq\selenium\selenium-manager\4.25.0\selenium-manager-4.25.0.jar;C:\Users\waseem\.m2\repository\org\seleniumhq\selenium\selenium-devtools-v127\4.25.0\selenium-devtools-v127-4.25.0.jar;C:\Users\waseem\.m2\repository\org\seleniumhq\selenium\selenium-devtools-v128\4.25.0\selenium-devtools-v128-4.25.0.jar;C:\Users\waseem\.m2\repository\org\seleniumhq\selenium\selenium-devtools-v129\4.25.0\selenium-devtools-v129-4.25.0.jar;C:\Users\waseem\.m2\repository\org\seleniumhq\selenium\selenium-devtools-v85\4.25.0\selenium-devtools-v85-4.25.0.jar;C:\Users\waseem\.m2\repository\org\seleniumhq\selenium\selenium-edge-driver\4.25.0\selenium-edge-driver-4.25.0.jar;C:\Users\waseem\.m2\repository\org\seleniumhq\selenium\selenium-firefox-driver\4.25.0\selenium-firefox-driver-4.25.0.jar;C:\Users\waseem\.m2\repository\org\seleniumhq\selenium\selenium-http\4.25.0\selenium-http-4.25.0.jar;C:\Users\waseem\.m2\repository\dev\failsafe\failsafe\3.3.2\failsafe-3.3.2.jar;C:\Users\waseem\.m2\repository\org\seleniumhq\selenium\selenium-ie-driver\4.25.0\selenium-ie-driver-4.25.0.jar;C:\Users\waseem\.m2\repository\org\seleniumhq\selenium\selenium-remote-driver\4.25.0\selenium-remote-driver-4.25.0.jar;C:\Users\waseem\.m2\repository\com\google\guava\guava\33.3.0-jre\guava-33.3.0-jre.jar;C:\Users\waseem\.m2\repository\com\google\guava\failureaccess\1.0.2\failureaccess-1.0.2.jar;C:\Users\waseem\.m2\repository\com\google\guava\listenablefuture\9999.0-empty-to-avoid-conflict-with-guava\listenablefuture-9999.0-empty-to-avoid-conflict-with-guava.jar;C:\Users\waseem\.m2\repository\com\google\code\findbugs\jsr305\3.0.2\jsr305-3.0.2.jar;C:\Users\waseem\.m2\repository\org\checkerframework\checker-qual\3.43.0\checker-qual-3.43.0.jar;C:\Users\waseem\.m2\repository\com\google\errorprone\error_prone_annotations\2.28.0\error_prone_annotations-2.28.0.jar;C:\Users\waseem\.m2\repository\com\google\j2objc\j2objc-annotations\3.0.0\j2objc-annotations-3.0.0.jar;C:\Users\waseem\.m2\repository\io\opentelemetry\semconv\opentelemetry-semconv\1.25.0-alpha\opentelemetry-semconv-1.25.0-alpha.jar;C:\Users\waseem\.m2\repository\io\opentelemetry\opentelemetry-api\1.42.1\opentelemetry-api-1.42.1.jar;C:\Users\waseem\.m2\repository\io\opentelemetry\opentelemetry-context\1.42.1\opentelemetry-context-1.42.1.jar;C:\Users\waseem\.m2\repository\io\opentelemetry\opentelemetry-exporter-logging\1.42.1\opentelemetry-exporter-logging-1.42.1.jar;C:\Users\waseem\.m2\repository\io\opentelemetry\opentelemetry-sdk-common\1.42.1\opentelemetry-sdk-common-1.42.1.jar;C:\Users\waseem\.m2\repository\io\opentelemetry\opentelemetry-sdk-extension-autoconfigure-spi\1.42.1\opentelemetry-sdk-extension-autoconfigure-spi-1.42.1.jar;C:\Users\waseem\.m2\repository\io\opentelemetry\opentelemetry-sdk-extension-autoconfigure\1.42.1\opentelemetry-sdk-extension-autoconfigure-1.42.1.jar;C:\Users\waseem\.m2\repository\io\opentelemetry\opentelemetry-api-incubator\1.42.1-alpha\opentelemetry-api-incubator-1.42.1-alpha.jar;C:\Users\waseem\.m2\repository\io\opentelemetry\opentelemetry-sdk-trace\1.42.1\opentelemetry-sdk-trace-1.42.1.jar;C:\Users\waseem\.m2\repository\io\opentelemetry\opentelemetry-sdk\1.42.1\opentelemetry-sdk-1.42.1.jar;C:\Users\waseem\.m2\repository\io\opentelemetry\opentelemetry-sdk-metrics\1.42.1\opentelemetry-sdk-metrics-1.42.1.jar;C:\Users\waseem\.m2\repository\io\opentelemetry\opentelemetry-sdk-logs\1.42.1\opentelemetry-sdk-logs-1.42.1.jar;C:\Users\waseem\.m2\repository\net\bytebuddy\byte-buddy\1.15.1\byte-buddy-1.15.1.jar;C:\Users\waseem\.m2\repository\org\seleniumhq\selenium\selenium-os\4.25.0\selenium-os-4.25.0.jar;C:\Users\waseem\.m2\repository\org\apache\commons\commons-exec\1.4.0\commons-exec-1.4.0.jar;C:\Users\waseem\.m2\repository\org\seleniumhq\selenium\selenium-safari-driver\4.25.0\selenium-safari-driver-4.25.0.jar;C:\Users\waseem\.m2\repository\org\seleniumhq\selenium\selenium-support\4.25.0\selenium-support-4.25.0.jar;C:\Users\waseem\.m2\repository\org\testng\testng\7.7.1\testng-7.7.1.jar;C:\Users\waseem\.m2\repository\com\beust\jcommander\1.82\jcommander-1.82.jar;C:\Users\waseem\.m2\repository\org\webjars\jquery\3.6.1\jquery-3.6.1.jar;C:\Users\waseem\.m2\repository\org\apache\poi\poi-ooxml\5.2.3\poi-ooxml-5.2.3.jar;C:\Users\waseem\.m2\repository\org\apache\poi\poi\5.2.3\poi-5.2.3.jar;C:\Users\waseem\.m2\repository\commons-codec\commons-codec\1.15\commons-codec-1.15.jar;C:\Users\waseem\.m2\repository\org\apache\commons\commons-math3\3.6.1\commons-math3-3.6.1.jar;C:\Users\waseem\.m2\repository\com\zaxxer\SparseBitSet\1.2\SparseBitSet-1.2.jar;C:\Users\waseem\.m2\repository\org\apache\poi\poi-ooxml-lite\5.2.3\poi-ooxml-lite-5.2.3.jar;C:\Users\waseem\.m2\repository\org\apache\xmlbeans\xmlbeans\5.1.1\xmlbeans-5.1.1.jar;C:\Users\waseem\.m2\repository\org\apache\commons\commons-compress\1.21\commons-compress-1.21.jar;C:\Users\waseem\.m2\repository\commons-io\commons-io\2.11.0\commons-io-2.11.0.jar;C:\Users\waseem\.m2\repository\com\github\virtuald\curvesapi\1.07\curvesapi-1.07.jar;C:\Users\waseem\.m2\repository\org\apache\commons\commons-collections4\4.4\commons-collections4-4.4.jar;C:\Users\waseem\.m2\repository\org\apache\poi\poi-ooxml-schemas\4.1.2\poi-ooxml-schemas-4.1.2.jar;C:\Users\waseem\.m2\repository\org\apache\logging\log4j\log4j-core\2.17.2\log4j-core-2.17.2.jar;C:\Users\waseem\.m2\repository\org\apache\logging\log4j\log4j-api\2.17.2\log4j-api-2.17.2.jar;C:\Users\waseem\.m2\repository\org\slf4j\slf4j-api\2.0.9\slf4j-api-2.0.9.jar;C:\Users\waseem\.m2\repository\org\apache\logging\log4j\log4j-slf4j-impl\2.17.2\log4j-slf4j-impl-2.17.2.jar;"/>
    <property name="sun.cpu.endian" value="little"/>
    <property name="user.home" value="C:\Users\waseem"/>
    <property name="user.language" value="en"/>
    <property name="java.specification.vendor" value="Oracle Corporation"/>
    <property name="java.version.date" value="2024-07-16"/>
    <property name="java.home" value="C:\Users\waseem\.p2\pool\plugins\org.eclipse.justj.openjdk.hotspot.jre.full.win32.x86_64_22.0.2.v20240802-1626\jre"/>
    <property name="file.separator" value="\"/>
    <property name="basedir" value="E:\SQE Project\SQEProject"/>
    <property name="style.color" value="always"/>
    <property name="java.vm.compressedOopsMode" value="32-bit"/>
    <property name="line.separator" value="&#10;"/>
    <property name="java.vm.specification.vendor" value="Oracle Corporation"/>
    <property name="java.specification.name" value="Java Platform API Specification"/>
    <property name="surefire.real.class.path" value="C:\Users\waseem\AppData\Local\Temp\surefire8410347403109965454\surefirebooter-20241211003346810_3.jar"/>
    <property name="user.script" value=""/>
    <property name="sun.management.compiler" value="HotSpot 64-Bit Tiered Compilers"/>
    <property name="java.runtime.version" value="22.0.2+9"/>
    <property name="user.name" value="waseem"/>
    <property name="stdout.encoding" value="Cp1252"/>
    <property name="path.separator" value=";"/>
    <property name="os.version" value="10.0"/>
    <property name="java.runtime.name" value="OpenJDK Runtime Environment"/>
    <property name="file.encoding" value="UTF-8"/>
    <property name="java.vm.name" value="OpenJDK 64-Bit Server VM"/>
    <property name="java.vendor.version" value="Temurin-22.0.2+9"/>
    <property name="localRepository" value="C:\Users\waseem\.m2\repository"/>
    <property name="java.vendor.url.bug" value="https://github.com/adoptium/adoptium-support/issues"/>
    <property name="java.io.tmpdir" value="C:\Users\waseem\AppData\Local\Temp\"/>
    <property name="java.version" value="22.0.2"/>
    <property name="user.dir" value="E:\SQE Project\SQEProject"/>
    <property name="os.arch" value="amd64"/>
    <property name="java.vm.specification.name" value="Java Virtual Machine Specification"/>
    <property name="sun.os.patch.level" value=""/>
    <property name="native.encoding" value="Cp1252"/>
    <property name="java.library.path" value="C:\Users\waseem\.p2\pool\plugins\org.eclipse.justj.openjdk.hotspot.jre.full.win32.x86_64_22.0.2.v20240802-1626\jre\bin;C:\WINDOWS\Sun\Java\bin;C:\WINDOWS\system32;C:\WINDOWS;C:\Program Files\Common Files\Oracle\Java\javapath;C:\oraclexe\app\oracle\product\11.2.0\server\bin;C:\WINDOWS\system32;C:\WINDOWS;C:\WINDOWS\System32\Wbem;C:\WINDOWS\System32\WindowsPowerShell\v1.0\;C:\WINDOWS\System32\OpenSSH\;C:\Program Files\k6\;C:\Program Files\Git\cmd;C:\Users\waseem\AppData\Local\Microsoft\WindowsApps;;."/>
    <property name="java.vm.info" value="mixed mode"/>
    <property name="stderr.encoding" value="Cp1252"/>
    <property name="java.vendor" value="Eclipse Adoptium"/>
    <property name="java.vm.version" value="22.0.2+9"/>
    <property name="sun.io.unicode.encoding" value="UnicodeLittle"/>
    <property name="java.class.version" value="66.0"/>
  </properties>
  <testcase name="testGetBookId[B001, B001, City of Hearts, Ahmed Faraz, true](1)" classname="test.BookTest" time="0.019">
    <system-err><![CDATA[SLF4J: No SLF4J providers were found.
SLF4J: Defaulting to no-operation (NOP) logger implementation
SLF4J: See https://www.slf4j.org/codes.html#noProviders for further details.
SLF4J: Class path contains SLF4J bindings targeting slf4j-api versions 1.7.x or earlier.
SLF4J: Ignoring binding found at [jar:file:/C:/Users/waseem/.m2/repository/org/apache/logging/log4j/log4j-slf4j-impl/2.17.2/log4j-slf4j-impl-2.17.2.jar!/org/slf4j/impl/StaticLoggerBinder.class]
SLF4J: See https://www.slf4j.org/codes.html#ignoredBindings for an explanation.
]]></system-err>
  </testcase>
  <testcase name="testGetBookId[B002, B002, Dreams of the World, Mahmood Khan, false](2)" classname="test.BookTest" time="0.0"/>
  <testcase name="testGetBookId[B003, B003, World of Sufism, Abdullah Khan, true](3)" classname="test.BookTest" time="0.003"/>
  <testcase name="testGetTitle[City of Hearts, B001, City of Hearts, Ahmed Faraz, true](1)" classname="test.BookTest" time="0.002"/>
  <testcase name="testGetTitle[Dreams of the World, B002, Dreams of the World, Mahmood Khan, false](2)" classname="test.BookTest" time="0.001"/>
  <testcase name="testGetTitle[World of Sufism, B003, World of Sufism, Abdullah Khan, true](3)" classname="test.BookTest" time="0.0"/>
  <testcase name="testGetAuthor[Ahmed Faraz, B001, City of Hearts, Ahmed Faraz, true](1)" classname="test.BookTest" time="0.001"/>
  <testcase name="testGetAuthor[Mahmood Khan, B002, Dreams of the World, Mahmood Khan, false](2)" classname="test.BookTest" time="0.0"/>
  <testcase name="testGetAuthor[Abdullah Khan, B003, World of Sufism, Abdullah Khan, true](3)" classname="test.BookTest" time="0.001"/>
  <testcase name="testIsAvailable[true, B001, City of Hearts, Ahmed Faraz, true](1)" classname="test.BookTest" time="0.004"/>
  <testcase name="testIsAvailable[false, B002, Dreams of the World, Mahmood Khan, false](2)" classname="test.BookTest" time="0.001"/>
  <testcase name="testIsAvailable[true, B003, World of Sufism, Abdullah Khan, true](3)" classname="test.BookTest" time="0.003"/>
  <testcase name="testSetAvailable[false, B001, City of Hearts, Ahmed Faraz, true](1)" classname="test.BookTest" time="0.004"/>
  <testcase name="testSetAvailable[true, B002, Dreams of the World, Mahmood Khan, false](2)" classname="test.BookTest" time="0.0"/>
  <testcase name="testSetAvailable[false, B003, World of Sufism, Abdullah Khan, true](3)" classname="test.BookTest" time="0.0"/>
  <testcase name="testAddNewBook[B001, City of Hearts, Ahmed Faraz, true](1)" classname="test.LibraryManagementSystemTest" time="0.012"/>
  <testcase name="testAddNewBook[B002, Dreams of the World, Mahmood Khan, false](2)" classname="test.LibraryManagementSystemTest" time="0.0"/>
  <testcase name="testAddNewBook[B003, The World Beyond, Ayesha Ali, true](3)" classname="test.LibraryManagementSystemTest" time="0.0"/>
  <testcase name="testAddNewMember[M001, Ali Ahmed](1)" classname="test.LibraryManagementSystemTest" time="0.005"/>
  <testcase name="testAddNewMember[M002, Sara Ali](2)" classname="test.LibraryManagementSystemTest" time="0.001"/>
  <testcase name="testAddNewMember[M003, Aslam Raza](3)" classname="test.LibraryManagementSystemTest" time="0.0"/>
  <testcase name="testCheckBookAvailability[B001, true](1)" classname="test.LibraryManagementSystemTest" time="0.005"/>
  <testcase name="testCheckBookAvailability[B002, false](2)" classname="test.LibraryManagementSystemTest" time="0.0"/>
  <testcase name="testCheckBookAvailability[B003, true](3)" classname="test.LibraryManagementSystemTest" time="0.001"/>
  <testcase name="testAddBook[library.Book@6cd24612](1)" classname="test.LibraryTest" time="0.002"/>
  <testcase name="testAddBook[library.Book@f68f0dc](2)" classname="test.LibraryTest" time="0.0"/>
  <testcase name="testAddBook[library.Book@14bdbc74](3)" classname="test.LibraryTest" time="0.0"/>
  <testcase name="testAddMember[library.Member@5a7fe64f](1)" classname="test.LibraryTest" time="0.0"/>
  <testcase name="testAddMember[library.Member@41330d4f](2)" classname="test.LibraryTest" time="0.002"/>
  <testcase name="testAddMember[library.Member@3e0e1046](3)" classname="test.LibraryTest" time="0.001"/>
  <testcase name="testListBooks[library.Book@7dc19a70, library.Book@508dec2b](1)" classname="test.LibraryTest" time="0.002"/>
  <testcase name="testListBooks[library.Book@1df8da7a, library.Book@23941fb4](2)" classname="test.LibraryTest" time="0.0"/>
  <testcase name="testListMembers[library.Member@660acfb, library.Member@5d908d47](1)" classname="test.LibraryTest" time="0.0"/>
  <testcase name="testListMembers[library.Member@1f9f6368, library.Member@1c9b0314](2)" classname="test.LibraryTest" time="0.001"/>
  <testcase name="testIsBookAvailable[B001, true](1)" classname="test.LibraryTest" time="0.003"/>
  <testcase name="testIsBookAvailable[B002, false](2)" classname="test.LibraryTest" time="0.0"/>
  <testcase name="testIsBookAvailable[B003, false](3)" classname="test.LibraryTest" time="0.0"/>
  <testcase name="testIsBookAvailable[B004, true](4)" classname="test.LibraryTest" time="0.001"/>
  <testcase name="testBorrowBook[Book borrowed: City of Hearts, true, B001, City of Hearts, Ahmed Faraz, M001, Ali Ahmed](1)" classname="test.MemberTest" time="0.008"/>
  <testcase name="testBorrowBook[Book is currently unavailable., false, B002, Dreams of the World, Mahmood Khan, M002, Sara Ali](2)" classname="test.MemberTest" time="0.001"/>
  <testcase name="testBorrowBook[Book borrowed: World of Sufism, true, B003, World of Sufism, Abdullah Khan, M003, Aslam Raza](3)" classname="test.MemberTest" time="0.0"/>
  <testcase name="testReturnBook[Book returned: City of Hearts, false, B001, City of Hearts, Ahmed Faraz, M001, Ali Ahmed](1)" classname="test.MemberTest" time="0.001"/>
  <testcase name="testReturnBook[Book returned: Dreams of the World, true, B002, Dreams of the World, Mahmood Khan, M002, Sara Ali](2)" classname="test.MemberTest" time="0.0"/>
  <testcase name="testReturnBook[Book returned: World of Sufism, true, B003, World of Sufism, Abdullah Khan, M003, Aslam Raza](3)" classname="test.MemberTest" time="0.003"/>
  <testcase name="testGetMemberId[M001, M001, Ali Ahmed](1)" classname="test.MemberTest" time="0.011"/>
  <testcase name="testGetMemberId[M002, M002, Sara Ali](2)" classname="test.MemberTest" time="0.0"/>
  <testcase name="testGetMemberId[M003, M003, Aslam Raza](3)" classname="test.MemberTest" time="0.0"/>
  <testcase name="testGetName[Ali Ahmed, M001, Ali Ahmed](1)" classname="test.MemberTest" time="0.0"/>
  <testcase name="testGetName[Sara Ali, M002, Sara Ali](2)" classname="test.MemberTest" time="0.0"/>
  <testcase name="testGetName[Aslam Raza, M003, Aslam Raza](3)" classname="test.MemberTest" time="0.001"/>
  <testcase name="testGetDetails[Member ID: M001, Name: Ali Ahmed, M001, Ali Ahmed](1)" classname="test.MemberTest" time="0.0"/>
  <testcase name="testGetDetails[Member ID: M002, Name: Sara Ali, M002, Sara Ali](2)" classname="test.MemberTest" time="0.0"/>
  <testcase name="testGetDetails[Member ID: M003, Name: Aslam Raza, M003, Aslam Raza](3)" classname="test.MemberTest" time="0.0"/>
</testsuite>