<?xml version="1.0" encoding="UTF-8"?>
<!-- Generated by org.testng.reporters.JUnitReportReporter -->
<testsuite hostname="DESKTOP-ADSAJKA" failures="0" tests="15" name="test.MemberTest" time="0.316" errors="0" timestamp="2024-12-11T23:28:30 PKT" skipped="0">
  <testcase classname="test.MemberTest" name="testBorrowBook" time="0.003"/>
  <testcase classname="test.MemberTest" name="testBorrowBook" time="0.005"/>
  <testcase classname="test.MemberTest" name="testBorrowBook" time="0.084"/>
  <testcase classname="test.MemberTest" name="testReturnBook" time="0.002"/>
  <testcase classname="test.MemberTest" name="testReturnBook" time="0.013"/>
  <testcase classname="test.MemberTest" name="testReturnBook" time="0.004"/>
  <testcase classname="test.MemberTest" name="testGetMemberId" time="0.118"/>
  <testcase classname="test.MemberTest" name="testGetMemberId" time="0.033"/>
  <testcase classname="test.MemberTest" name="testGetMemberId" time="0.002"/>
  <testcase classname="test.MemberTest" name="testGetName" time="0.011"/>
  <testcase classname="test.MemberTest" name="testGetName" time="0.009"/>
  <testcase classname="test.MemberTest" name="testGetName" time="0.006"/>
  <testcase classname="test.MemberTest" name="testGetDetails" time="0.013"/>
  <testcase classname="test.MemberTest" name="testGetDetails" time="0.003"/>
  <testcase classname="test.MemberTest" name="testGetDetails" time="0.010"/>
</testsuite> <!-- test.MemberTest -->
