<?xml version="1.0" encoding="UTF-8"?>
<!-- Generated by org.testng.reporters.JUnitReportReporter -->
<testsuite hostname="DESKTOP-ADSAJKA" failures="0" tests="10" name="test.BookTestExcel" time="0.055" errors="0" timestamp="2024-12-11T23:28:30 PKT" skipped="0">
  <testcase classname="test.BookTestExcel" name="testAddNewBook" time="0.001"/>
  <testcase classname="test.BookTestExcel" name="testAddNewBook" time="0.001"/>
  <testcase classname="test.BookTestExcel" name="testAddNewBook" time="0.034"/>
  <testcase classname="test.BookTestExcel" name="testAddNewBook" time="0.002"/>
  <testcase classname="test.BookTestExcel" name="testAddNewBook" time="0.003"/>
  <testcase classname="test.BookTestExcel" name="testAddNewBook" time="0.002"/>
  <testcase classname="test.BookTestExcel" name="testAddNewBook" time="0.006"/>
  <testcase classname="test.BookTestExcel" name="testAddNewBook" time="0.001"/>
  <testcase classname="test.BookTestExcel" name="testAddNewBook" time="0.004"/>
  <testcase classname="test.BookTestExcel" name="testAddNewBook" time="0.001"/>
</testsuite> <!-- test.BookTestExcel -->
