<?xml version="1.0" encoding="UTF-8"?>
<!-- Generated by org.testng.reporters.JUnitReportReporter -->
<testsuite hostname="DESKTOP-ADSAJKA" failures="0" tests="10" name="test.BookTestExcel" time="0.036" errors="0" timestamp="2024-12-11T00:38:28 PKT" skipped="0">
  <testcase classname="test.BookTestExcel" name="testAddNewBook" time="0.004"/>
  <system-out/>
  <testcase classname="test.BookTestExcel" name="testAddNewBook" time="0.007"/>
  <system-out/>
  <testcase classname="test.BookTestExcel" name="testAddNewBook" time="0.003"/>
  <system-out/>
  <testcase classname="test.BookTestExcel" name="testAddNewBook" time="0.002"/>
  <system-out/>
  <testcase classname="test.BookTestExcel" name="testAddNewBook" time="0.002"/>
  <system-out/>
  <testcase classname="test.BookTestExcel" name="testAddNewBook" time="0.001"/>
  <system-out/>
  <testcase classname="test.BookTestExcel" name="testAddNewBook" time="0.009"/>
  <system-out/>
  <testcase classname="test.BookTestExcel" name="testAddNewBook" time="0.004"/>
  <system-out/>
  <testcase classname="test.BookTestExcel" name="testAddNewBook" time="0.001"/>
  <system-out/>
  <testcase classname="test.BookTestExcel" name="testAddNewBook" time="0.003"/>
  <system-out/>
</testsuite> <!-- test.BookTestExcel -->
