<?xml version="1.0" encoding="UTF-8"?>
<!-- Generated by org.testng.reporters.JUnitReportReporter -->
<testsuite hostname="DESKTOP-ADSAJKA" failures="0" tests="8" name="api.APITest" time="8.976" errors="0" timestamp="2024-12-11T01:07:26 PKT" skipped="0">
  <testcase classname="api.APITest" name="testDeleteUser" time="0.785"/>
  <testcase classname="api.APITest" name="testGetUser" time="0.494"/>
  <testcase classname="api.APITest" name="testPatchUpdateUserJob" time="0.747"/>
  <testcase classname="api.APITest" name="testCreateUser" time="4.127"/>
  <testcase classname="api.APITest" name="testUpdateUser" time="0.795"/>
  <testcase classname="api.APITest" name="testGetUserListWithPagination" time="0.425"/>
  <testcase classname="api.APITest" name="testGetUserNotFound" time="0.792"/>
  <testcase classname="api.APITest" name="testGetUserList" time="0.811"/>
</testsuite> <!-- api.APITest -->
