<?xml version="1.0" encoding="UTF-8"?>
<!-- Generated by org.testng.reporters.JUnitReportReporter -->
<testsuite hostname="DESKTOP-ADSAJKA" failures="0" tests="8" name="api.APITest" time="9.576" errors="0" timestamp="2024-12-11T23:30:47 PKT" skipped="0">
  <testcase classname="api.APITest" name="testDeleteUser" time="0.843"/>
  <testcase classname="api.APITest" name="testGetUser" time="0.519"/>
  <testcase classname="api.APITest" name="testPatchUpdateUserJob" time="0.838"/>
  <testcase classname="api.APITest" name="testCreateUser" time="4.690"/>
  <testcase classname="api.APITest" name="testUpdateUser" time="0.822"/>
  <testcase classname="api.APITest" name="testGetUserListWithPagination" time="0.485"/>
  <testcase classname="api.APITest" name="testGetUserNotFound" time="0.789"/>
  <testcase classname="api.APITest" name="testGetUserList" time="0.590"/>
</testsuite> <!-- api.APITest -->
