<?xml version="1.0" encoding="UTF-8"?>
<!-- Generated by org.testng.reporters.JUnitReportReporter -->
<testsuite hostname="DESKTOP-ADSAJKA" failures="0" tests="9" name="test.LibraryManagementSystemTest" time="0.074" errors="0" timestamp="2024-12-11T23:33:52 PKT" skipped="0">
  <testcase classname="test.LibraryManagementSystemTest" name="testAddNewBook" time="0.003"/>
  <testcase classname="test.LibraryManagementSystemTest" name="testAddNewBook" time="0.004"/>
  <testcase classname="test.LibraryManagementSystemTest" name="testAddNewBook" time="0.031"/>
  <testcase classname="test.LibraryManagementSystemTest" name="testAddNewMember" time="0.007"/>
  <testcase classname="test.LibraryManagementSystemTest" name="testAddNewMember" time="0.006"/>
  <testcase classname="test.LibraryManagementSystemTest" name="testAddNewMember" time="0.006"/>
  <testcase classname="test.LibraryManagementSystemTest" name="testCheckBookAvailability" time="0.009"/>
  <testcase classname="test.LibraryManagementSystemTest" name="testCheckBookAvailability" time="0.003"/>
  <testcase classname="test.LibraryManagementSystemTest" name="testCheckBookAvailability" time="0.005"/>
</testsuite> <!-- test.LibraryManagementSystemTest -->
