<?xml version="1.0" encoding="UTF-8"?>
<!-- Generated by org.testng.reporters.JUnitReportReporter -->
<testsuite hostname="DESKTOP-ADSAJKA" failures="0" tests="9" name="test.LibraryManagementSystemTest" time="0.248" errors="0" timestamp="2024-12-11T00:38:28 PKT" skipped="0">
  <testcase classname="test.LibraryManagementSystemTest" name="testAddNewBook" time="0.009"/>
  <system-out/>
  <testcase classname="test.LibraryManagementSystemTest" name="testAddNewBook" time="0.009"/>
  <system-out/>
  <testcase classname="test.LibraryManagementSystemTest" name="testAddNewBook" time="0.112"/>
  <system-out/>
  <testcase classname="test.LibraryManagementSystemTest" name="testAddNewMember" time="0.015"/>
  <system-out/>
  <testcase classname="test.LibraryManagementSystemTest" name="testAddNewMember" time="0.051"/>
  <system-out/>
  <testcase classname="test.LibraryManagementSystemTest" name="testAddNewMember" time="0.006"/>
  <system-out/>
  <testcase classname="test.LibraryManagementSystemTest" name="testCheckBookAvailability" time="0.022"/>
  <system-out/>
  <testcase classname="test.LibraryManagementSystemTest" name="testCheckBookAvailability" time="0.002"/>
  <system-out/>
  <testcase classname="test.LibraryManagementSystemTest" name="testCheckBookAvailability" time="0.022"/>
  <system-out/>
</testsuite> <!-- test.LibraryManagementSystemTest -->
