<?xml version="1.0" encoding="UTF-8"?>
<!-- Generated by org.testng.reporters.JUnitReportReporter -->
<testsuite hostname="DESKTOP-ADSAJKA" failures="0" tests="5" name="test.LibraryTestExcel" time="0.045" errors="0" timestamp="2024-12-11T23:28:30 PKT" skipped="0">
  <testcase classname="test.LibraryTestExcel" name="testAddBookAndMember" time="0.013"/>
  <testcase classname="test.LibraryTestExcel" name="testAddBookAndMember" time="0.005"/>
  <testcase classname="test.LibraryTestExcel" name="testAddBookAndMember" time="0.022"/>
  <testcase classname="test.LibraryTestExcel" name="testAddBookAndMember" time="0.002"/>
  <testcase classname="test.LibraryTestExcel" name="testAddBookAndMember" time="0.003"/>
</testsuite> <!-- test.LibraryTestExcel -->
