<?xml version="1.0" encoding="UTF-8"?>
<!-- Generated by org.testng.reporters.JUnitReportReporter -->
<testsuite hostname="DESKTOP-ADSAJKA" failures="0" tests="15" name="test.BookTest" time="0.063" errors="0" timestamp="2024-12-11T00:38:28 PKT" skipped="0">
  <testcase classname="test.BookTest" name="testGetBookId" time="0.002"/>
  <system-out/>
  <testcase classname="test.BookTest" name="testGetBookId" time="0.010"/>
  <system-out/>
  <testcase classname="test.BookTest" name="testGetBookId" time="0.002"/>
  <system-out/>
  <testcase classname="test.BookTest" name="testGetTitle" time="0.003"/>
  <system-out/>
  <testcase classname="test.BookTest" name="testGetTitle" time="0.002"/>
  <system-out/>
  <testcase classname="test.BookTest" name="testGetTitle" time="0.006"/>
  <system-out/>
  <testcase classname="test.BookTest" name="testGetAuthor" time="0.002"/>
  <system-out/>
  <testcase classname="test.BookTest" name="testGetAuthor" time="0.003"/>
  <system-out/>
  <testcase classname="test.BookTest" name="testGetAuthor" time="0.002"/>
  <system-out/>
  <testcase classname="test.BookTest" name="testIsAvailable" time="0.006"/>
  <system-out/>
  <testcase classname="test.BookTest" name="testIsAvailable" time="0.003"/>
  <system-out/>
  <testcase classname="test.BookTest" name="testIsAvailable" time="0.017"/>
  <system-out/>
  <testcase classname="test.BookTest" name="testSetAvailable" time="0.001"/>
  <system-out/>
  <testcase classname="test.BookTest" name="testSetAvailable" time="0.001"/>
  <system-out/>
  <testcase classname="test.BookTest" name="testSetAvailable" time="0.003"/>
  <system-out/>
</testsuite> <!-- test.BookTest -->
