<?xml version="1.0" encoding="UTF-8"?>
<!-- Generated by org.testng.reporters.JUnitReportReporter -->
<testsuite hostname="DESKTOP-ADSAJKA" failures="0" tests="5" name="test.LibraryTestExcel" time="0.031" errors="0" timestamp="2024-12-11T00:38:28 PKT" skipped="0">
  <testcase classname="test.LibraryTestExcel" name="testAddBookAndMember" time="0.005"/>
  <system-out/>
  <testcase classname="test.LibraryTestExcel" name="testAddBookAndMember" time="0.003"/>
  <system-out/>
  <testcase classname="test.LibraryTestExcel" name="testAddBookAndMember" time="0.002"/>
  <system-out/>
  <testcase classname="test.LibraryTestExcel" name="testAddBookAndMember" time="0.005"/>
  <system-out/>
  <testcase classname="test.LibraryTestExcel" name="testAddBookAndMember" time="0.016"/>
  <system-out/>
</testsuite> <!-- test.LibraryTestExcel -->
