<?xml version="1.0" encoding="UTF-8"?>
<!-- Generated by org.testng.reporters.JUnitReportReporter -->
<testsuite hostname="DESKTOP-ADSAJKA" failures="0" tests="15" name="test.BookTest" time="0.120" errors="0" timestamp="2024-12-11T23:28:30 PKT" skipped="0">
  <testcase classname="test.BookTest" name="testGetBookId" time="0.003"/>
  <testcase classname="test.BookTest" name="testGetBookId" time="0.043"/>
  <testcase classname="test.BookTest" name="testGetBookId" time="0.017"/>
  <testcase classname="test.BookTest" name="testGetTitle" time="0.010"/>
  <testcase classname="test.BookTest" name="testGetTitle" time="0.002"/>
  <testcase classname="test.BookTest" name="testGetTitle" time="0.007"/>
  <testcase classname="test.BookTest" name="testGetAuthor" time="0.005"/>
  <testcase classname="test.BookTest" name="testGetAuthor" time="0.003"/>
  <testcase classname="test.BookTest" name="testGetAuthor" time="0.003"/>
  <testcase classname="test.BookTest" name="testIsAvailable" time="0.005"/>
  <testcase classname="test.BookTest" name="testIsAvailable" time="0.002"/>
  <testcase classname="test.BookTest" name="testIsAvailable" time="0.014"/>
  <testcase classname="test.BookTest" name="testSetAvailable" time="0.001"/>
  <testcase classname="test.BookTest" name="testSetAvailable" time="0.002"/>
  <testcase classname="test.BookTest" name="testSetAvailable" time="0.003"/>
</testsuite> <!-- test.BookTest -->
